<?xml version="1.0" encoding="UTF-8"?>
<!-- Generated by org.testng.reporters.JUnitReportReporter -->
<testsuite skipped="0" hostname="LAPTOP-DJC8OLDO" name="com.Test.Testing" tests="3" failures="0" timestamp="2020-09-02T20:38:52 EEST" time="18.489" errors="0">
  <testcase name="PwdEmpty" time="4.560" classname="com.Test.Testing"/>
  <system-out/>
  <testcase name="UserNameEmpty" time="8.372" classname="com.Test.Testing"/>
  <system-out/>
  <testcase name="WrongPwd" time="5.557" classname="com.Test.Testing"/>
  <system-out/>
</testsuite> <!-- com.Test.Testing -->
