<?xml version="1.0" encoding="UTF-8"?>
<!-- Generated by org.testng.reporters.JUnitReportReporter -->
<testsuite skipped="0" hostname="LAPTOP-DJC8OLDO" name="com.Test.Testing" tests="3" failures="0" timestamp="2020-09-03T09:30:01 EEST" time="24.045" errors="0">
  <testcase name="PwdEmpty" time="6.787" classname="com.Test.Testing"/>
  <system-out/>
  <testcase name="WrongPwd" time="6.268" classname="com.Test.Testing"/>
  <system-out/>
  <testcase name="UserNameEmpty" time="10.990" classname="com.Test.Testing"/>
  <system-out/>
</testsuite> <!-- com.Test.Testing -->
